mode: set
bringeee-capstone/services/order/order_service.go:44.17,54.2 1 1
bringeee-capstone/services/order/order_service.go:68.158,74.16 3 1
bringeee-capstone/services/order/order_service.go:79.2,81.31 3 1
bringeee-capstone/services/order/order_service.go:86.2,86.23 1 1
bringeee-capstone/services/order/order_service.go:74.16,76.3 1 1
bringeee-capstone/services/order/order_service.go:81.31,85.3 3 1
bringeee-capstone/services/order/order_service.go:100.122,102.16 2 1
bringeee-capstone/services/order/order_service.go:105.2,106.15 2 1
bringeee-capstone/services/order/order_service.go:109.2,109.21 1 1
bringeee-capstone/services/order/order_service.go:112.2,117.8 1 1
bringeee-capstone/services/order/order_service.go:102.16,104.3 1 1
bringeee-capstone/services/order/order_service.go:106.15,108.3 1 1
bringeee-capstone/services/order/order_service.go:109.21,111.3 1 0
bringeee-capstone/services/order/order_service.go:129.74,131.16 2 1
bringeee-capstone/services/order/order_service.go:136.2,142.22 6 1
bringeee-capstone/services/order/order_service.go:131.16,133.3 1 1
bringeee-capstone/services/order/order_service.go:154.105,157.16 2 1
bringeee-capstone/services/order/order_service.go:162.2,168.22 6 1
bringeee-capstone/services/order/order_service.go:157.16,159.3 1 1
bringeee-capstone/services/order/order_service.go:179.220,182.16 2 1
bringeee-capstone/services/order/order_service.go:187.2,188.16 2 1
bringeee-capstone/services/order/order_service.go:193.2,201.33 7 1
bringeee-capstone/services/order/order_service.go:214.2,221.16 3 1
bringeee-capstone/services/order/order_service.go:224.2,230.16 5 1
bringeee-capstone/services/order/order_service.go:235.2,239.16 3 1
bringeee-capstone/services/order/order_service.go:246.2,246.22 1 1
bringeee-capstone/services/order/order_service.go:182.16,184.3 1 0
bringeee-capstone/services/order/order_service.go:188.16,190.3 1 0
bringeee-capstone/services/order/order_service.go:201.33,202.16 1 1
bringeee-capstone/services/order/order_service.go:203.24,206.18 3 1
bringeee-capstone/services/order/order_service.go:209.4,209.32 1 1
bringeee-capstone/services/order/order_service.go:206.18,208.5 1 0
bringeee-capstone/services/order/order_service.go:221.16,223.3 1 0
bringeee-capstone/services/order/order_service.go:230.16,232.3 1 0
bringeee-capstone/services/order/order_service.go:239.16,245.3 1 0
bringeee-capstone/services/order/order_service.go:257.112,259.16 2 1
bringeee-capstone/services/order/order_service.go:264.2,265.16 2 1
bringeee-capstone/services/order/order_service.go:270.2,270.76 1 1
bringeee-capstone/services/order/order_service.go:278.2,282.16 5 1
bringeee-capstone/services/order/order_service.go:285.2,286.12 2 1
bringeee-capstone/services/order/order_service.go:259.16,261.3 1 0
bringeee-capstone/services/order/order_service.go:265.16,267.3 1 0
bringeee-capstone/services/order/order_service.go:270.76,275.3 1 1
bringeee-capstone/services/order/order_service.go:282.16,284.3 1 0
bringeee-capstone/services/order/order_service.go:296.87,299.16 2 1
bringeee-capstone/services/order/order_service.go:304.2,304.25 1 1
bringeee-capstone/services/order/order_service.go:309.2,309.76 1 1
bringeee-capstone/services/order/order_service.go:317.2,317.14 1 1
bringeee-capstone/services/order/order_service.go:330.2,330.13 1 1
bringeee-capstone/services/order/order_service.go:340.2,343.16 4 1
bringeee-capstone/services/order/order_service.go:346.2,347.12 2 1
bringeee-capstone/services/order/order_service.go:299.16,301.3 1 1
bringeee-capstone/services/order/order_service.go:304.25,306.3 1 1
bringeee-capstone/services/order/order_service.go:309.76,314.3 1 1
bringeee-capstone/services/order/order_service.go:317.14,318.39 1 1
bringeee-capstone/services/order/order_service.go:318.39,323.4 1 1
bringeee-capstone/services/order/order_service.go:323.9,323.53 1 1
bringeee-capstone/services/order/order_service.go:323.53,328.4 1 1
bringeee-capstone/services/order/order_service.go:330.13,331.46 1 1
bringeee-capstone/services/order/order_service.go:331.46,336.4 1 1
bringeee-capstone/services/order/order_service.go:343.16,345.3 1 1
bringeee-capstone/services/order/order_service.go:357.86,360.16 2 1
bringeee-capstone/services/order/order_service.go:365.2,365.107 1 1
bringeee-capstone/services/order/order_service.go:373.2,373.14 1 1
bringeee-capstone/services/order/order_service.go:383.2,386.16 4 1
bringeee-capstone/services/order/order_service.go:389.2,390.12 2 1
bringeee-capstone/services/order/order_service.go:360.16,362.3 1 1
bringeee-capstone/services/order/order_service.go:365.107,370.3 1 1
bringeee-capstone/services/order/order_service.go:373.14,374.39 1 1
bringeee-capstone/services/order/order_service.go:374.39,379.4 1 1
bringeee-capstone/services/order/order_service.go:386.16,388.3 1 1
bringeee-capstone/services/order/order_service.go:401.142,404.16 2 1
bringeee-capstone/services/order/order_service.go:408.2,412.16 3 1
bringeee-capstone/services/order/order_service.go:417.2,417.33 1 1
bringeee-capstone/services/order/order_service.go:422.2,422.61 1 1
bringeee-capstone/services/order/order_service.go:427.2,427.61 1 1
bringeee-capstone/services/order/order_service.go:441.2,441.16 1 1
bringeee-capstone/services/order/order_service.go:446.2,450.16 5 1
bringeee-capstone/services/order/order_service.go:453.2,455.24 2 1
bringeee-capstone/services/order/order_service.go:404.16,406.3 1 1
bringeee-capstone/services/order/order_service.go:412.16,414.3 1 1
bringeee-capstone/services/order/order_service.go:417.33,419.3 1 1
bringeee-capstone/services/order/order_service.go:422.61,424.3 1 1
bringeee-capstone/services/order/order_service.go:428.27,429.75 1 1
bringeee-capstone/services/order/order_service.go:430.27,431.75 1 1
bringeee-capstone/services/order/order_service.go:432.27,433.75 1 1
bringeee-capstone/services/order/order_service.go:434.31,435.79 1 1
bringeee-capstone/services/order/order_service.go:436.31,437.79 1 1
bringeee-capstone/services/order/order_service.go:438.10,439.96 1 1
bringeee-capstone/services/order/order_service.go:441.16,443.3 1 1
bringeee-capstone/services/order/order_service.go:450.16,452.3 1 1
bringeee-capstone/services/order/order_service.go:466.87,469.16 2 1
bringeee-capstone/services/order/order_service.go:474.2,475.16 2 1
bringeee-capstone/services/order/order_service.go:478.2,478.24 1 1
bringeee-capstone/services/order/order_service.go:469.16,471.3 1 1
bringeee-capstone/services/order/order_service.go:475.16,477.3 1 1
bringeee-capstone/services/order/order_service.go:488.62,491.16 2 1
bringeee-capstone/services/order/order_service.go:495.2,495.33 1 1
bringeee-capstone/services/order/order_service.go:499.2,499.31 1 1
bringeee-capstone/services/order/order_service.go:507.2,508.16 2 1
bringeee-capstone/services/order/order_service.go:512.2,516.16 5 1
bringeee-capstone/services/order/order_service.go:519.2,519.12 1 1
bringeee-capstone/services/order/order_service.go:491.16,493.3 1 1
bringeee-capstone/services/order/order_service.go:495.33,497.3 1 1
bringeee-capstone/services/order/order_service.go:499.31,504.3 1 1
bringeee-capstone/services/order/order_service.go:508.16,510.3 1 1
bringeee-capstone/services/order/order_service.go:516.16,518.3 1 1
bringeee-capstone/services/order/order_service.go:534.130,536.16 2 1
bringeee-capstone/services/order/order_service.go:539.2,541.26 3 1
bringeee-capstone/services/order/order_service.go:536.16,538.3 1 1
bringeee-capstone/services/order/order_service.go:554.78,556.16 2 1
bringeee-capstone/services/order/order_service.go:559.2,559.16 1 1
bringeee-capstone/services/order/order_service.go:567.2,569.16 3 1
bringeee-capstone/services/order/order_service.go:572.2,572.12 1 1
bringeee-capstone/services/order/order_service.go:556.16,558.3 1 1
bringeee-capstone/services/order/order_service.go:560.20,562.30 1 1
bringeee-capstone/services/order/order_service.go:563.34,565.27 2 1
bringeee-capstone/services/order/order_service.go:569.16,571.3 1 1
bringeee-capstone/services/order/order_service.go:582.70,584.16 2 1
bringeee-capstone/services/order/order_service.go:587.2,588.16 2 1
bringeee-capstone/services/order/order_service.go:591.2,591.29 1 1
bringeee-capstone/services/order/order_service.go:594.2,594.26 1 1
bringeee-capstone/services/order/order_service.go:597.2,597.45 1 1
bringeee-capstone/services/order/order_service.go:600.2,600.34 1 1
bringeee-capstone/services/order/order_service.go:603.2,607.16 5 1
bringeee-capstone/services/order/order_service.go:610.2,612.16 3 1
bringeee-capstone/services/order/order_service.go:616.2,617.12 2 1
bringeee-capstone/services/order/order_service.go:584.16,586.3 1 1
bringeee-capstone/services/order/order_service.go:588.16,590.3 1 1
bringeee-capstone/services/order/order_service.go:591.29,593.3 1 0
bringeee-capstone/services/order/order_service.go:594.26,596.3 1 1
bringeee-capstone/services/order/order_service.go:597.45,599.3 1 1
bringeee-capstone/services/order/order_service.go:600.34,602.3 1 0
bringeee-capstone/services/order/order_service.go:607.16,609.3 1 0
bringeee-capstone/services/order/order_service.go:612.16,614.3 1 0
bringeee-capstone/services/order/order_service.go:627.162,630.16 2 0
bringeee-capstone/services/order/order_service.go:633.2,634.16 2 0
bringeee-capstone/services/order/order_service.go:637.2,638.16 2 0
bringeee-capstone/services/order/order_service.go:641.2,641.34 1 0
bringeee-capstone/services/order/order_service.go:644.2,644.27 1 0
bringeee-capstone/services/order/order_service.go:647.2,647.45 1 0
bringeee-capstone/services/order/order_service.go:652.2,652.33 1 0
bringeee-capstone/services/order/order_service.go:664.2,666.16 3 0
bringeee-capstone/services/order/order_service.go:669.2,671.16 3 0
bringeee-capstone/services/order/order_service.go:675.2,677.12 2 0
bringeee-capstone/services/order/order_service.go:630.16,632.3 1 0
bringeee-capstone/services/order/order_service.go:634.16,636.3 1 0
bringeee-capstone/services/order/order_service.go:638.16,640.3 1 0
bringeee-capstone/services/order/order_service.go:641.34,643.3 1 0
bringeee-capstone/services/order/order_service.go:644.27,646.3 1 0
bringeee-capstone/services/order/order_service.go:647.45,649.3 1 0
bringeee-capstone/services/order/order_service.go:652.33,653.16 1 0
bringeee-capstone/services/order/order_service.go:654.26,657.18 3 0
bringeee-capstone/services/order/order_service.go:660.4,660.34 1 0
bringeee-capstone/services/order/order_service.go:657.18,659.5 1 0
bringeee-capstone/services/order/order_service.go:666.16,668.3 1 0
bringeee-capstone/services/order/order_service.go:671.16,673.3 1 0
bringeee-capstone/services/order/order_service.go:680.87,682.16 2 0
bringeee-capstone/services/order/order_service.go:685.2,685.24 1 0
bringeee-capstone/services/order/order_service.go:682.16,684.3 1 0
bringeee-capstone/services/order/order_service.go:694.133,697.16 2 0
bringeee-capstone/services/order/order_service.go:702.2,704.16 3 0
bringeee-capstone/services/order/order_service.go:709.2,715.16 2 0
bringeee-capstone/services/order/order_service.go:720.2,725.28 5 0
bringeee-capstone/services/order/order_service.go:697.16,699.3 1 0
bringeee-capstone/services/order/order_service.go:704.16,706.3 1 0
bringeee-capstone/services/order/order_service.go:715.16,717.3 1 0
bringeee-capstone/services/order/order_service.go:728.83,730.16 2 0
bringeee-capstone/services/order/order_service.go:733.2,733.19 1 0
bringeee-capstone/services/order/order_service.go:730.16,732.3 1 0
bringeee-capstone/services/order/order_service.go:736.74,738.15 2 0
bringeee-capstone/services/order/order_service.go:741.2,742.16 2 0
bringeee-capstone/services/order/order_service.go:745.2,751.31 6 0
bringeee-capstone/services/order/order_service.go:763.2,763.87 1 0
bringeee-capstone/services/order/order_service.go:738.15,740.3 1 0
bringeee-capstone/services/order/order_service.go:742.16,744.3 1 0
bringeee-capstone/services/order/order_service.go:751.31,758.38 2 0
bringeee-capstone/services/order/order_service.go:758.38,760.4 1 0
