mode: set
bringeee-capstone/services/truck_type/truck_type_service.go:14.99,18.2 1 1
bringeee-capstone/services/truck_type/truck_type_service.go:32.161,37.16 3 1
bringeee-capstone/services/truck_type/truck_type_service.go:42.2,45.27 3 1
bringeee-capstone/services/truck_type/truck_type_service.go:37.16,39.3 1 1
bringeee-capstone/services/truck_type/truck_type_service.go:48.86,50.16 2 1
bringeee-capstone/services/truck_type/truck_type_service.go:53.2,53.24 1 1
bringeee-capstone/services/truck_type/truck_type_service.go:50.16,52.3 1 1
